<?xml version="1.0" encoding="UTF-8"?>
<!-- Generated by org.testng.reporters.JUnitReportReporter -->
<testsuite hostname="PG014UCR" name="com.backbase.ExistingComputerTestCases.Read_Existing_Computer_Functionality_TestCases" tests="3" failures="0" timestamp="10 Sep 2018 14:31:47 GMT" time="37.665" errors="0">
  <testcase name="TC_02_Verify_Non_Existing_Computer_Search" time="11.468" classname="com.backbase.ExistingComputerTestCases.Read_Existing_Computer_Functionality_TestCases"/>
  <testcase name="TC_03_Verify_Existing_Computer_Details_Update_Page" time="14.283" classname="com.backbase.ExistingComputerTestCases.Read_Existing_Computer_Functionality_TestCases"/>
  <testcase name="TC_01_Verify_Existing_Computer_Details" time="11.914" classname="com.backbase.ExistingComputerTestCases.Read_Existing_Computer_Functionality_TestCases"/>
</testsuite> <!-- com.backbase.ExistingComputerTestCases.Read_Existing_Computer_Functionality_TestCases -->
