<?xml version="1.0" encoding="UTF-8"?>
<!-- Generated by org.testng.reporters.JUnitReportReporter -->
<testsuite hostname="PG014UCR" name="com.backbase.UpdateComputerTestCases.Update_Computer_Functionality_TestCases" tests="1" failures="0" timestamp="10 Sep 2018 16:26:13 GMT" time="19.990" errors="0">
  <testcase name="TC_01_Update_Existing_Computer_Details" time="19.990" classname="com.backbase.UpdateComputerTestCases.Update_Computer_Functionality_TestCases"/>
</testsuite> <!-- com.backbase.UpdateComputerTestCases.Update_Computer_Functionality_TestCases -->
