<?xml version="1.0" encoding="UTF-8"?>
<!-- Generated by org.testng.reporters.JUnitReportReporter -->
<testsuite hostname="PG014UCR" name="com.backbase.CreateNewComputerTestCases.Add_New_Computer_Functionality_TestCases" tests="15" failures="0" timestamp="10 Sep 2018 14:31:47 GMT" time="274.944" errors="0">
  <testcase name="TC_009_New_Computer_Addition_New_Computer_Invalid_Discontiuned_Date_Format_Verification_Case2" time="16.580" classname="com.backbase.CreateNewComputerTestCases.Add_New_Computer_Functionality_TestCases"/>
  <testcase name="TC_010_New_Computer_Addition_New_Computer_Text_Data_In_Discontinued_Date_Format_Verification" time="23.573" classname="com.backbase.CreateNewComputerTestCases.Add_New_Computer_Functionality_TestCases"/>
  <testcase name="TC_004_New_Computer_Addition_New_Computer_Name_Mandatory_Field_Verification" time="18.085" classname="com.backbase.CreateNewComputerTestCases.Add_New_Computer_Functionality_TestCases"/>
  <testcase name="TC_006_New_Computer_Addition_New_Computer_Invalid_Introduced_Date_Format_Verification_Case2" time="18.056" classname="com.backbase.CreateNewComputerTestCases.Add_New_Computer_Functionality_TestCases"/>
  <testcase name="TC_01_02_03_Verify_New_Computer_Addition_With_Valid_Data" time="17.669" classname="com.backbase.CreateNewComputerTestCases.Add_New_Computer_Functionality_TestCases"/>
  <testcase name="TC_013_Verify_New_Computer_Addition_With_Leap_Years" time="17.863" classname="com.backbase.CreateNewComputerTestCases.Add_New_Computer_Functionality_TestCases"/>
  <testcase name="TC_015_New_Computer_Addition_Click_Cancel_Btn_Verification" time="17.807" classname="com.backbase.CreateNewComputerTestCases.Add_New_Computer_Functionality_TestCases"/>
  <testcase name="TC_014_Verify_New_Computer_Addition_With_Incorrect_Month_Ending_Dates" time="16.909" classname="com.backbase.CreateNewComputerTestCases.Add_New_Computer_Functionality_TestCases"/>
  <testcase name="TC_016_New_Computer_Addition_Click_Sample_Application_Link_Displays_Home_Page_Verification" time="12.337" classname="com.backbase.CreateNewComputerTestCases.Add_New_Computer_Functionality_TestCases"/>
  <testcase name="TC_01_02_03_Verify_New_Computer_Addition_With_Valid_Data" time="19.206" classname="com.backbase.CreateNewComputerTestCases.Add_New_Computer_Functionality_TestCases"/>
  <testcase name="TC_007_New_Computer_Addition_New_Computer_Text_Data_In_Introduced_Date_Format_Verification" time="16.589" classname="com.backbase.CreateNewComputerTestCases.Add_New_Computer_Functionality_TestCases"/>
  <testcase name="TC_011_New_Computer_Addition_New_Computer_Discontinued_Date_Less_than_Introduced_Date_Verification" time="18.017" classname="com.backbase.CreateNewComputerTestCases.Add_New_Computer_Functionality_TestCases"/>
  <testcase name="TC_008_New_Computer_Addition_New_Computer_Invalid_Discontinued_Date_Format_Verification_Case1" time="17.493" classname="com.backbase.CreateNewComputerTestCases.Add_New_Computer_Functionality_TestCases"/>
  <testcase name="TC_012_New_Computer_Addition_New_Computer_Leap_And_Non_Leap_Years_Date_Validation" time="27.411" classname="com.backbase.CreateNewComputerTestCases.Add_New_Computer_Functionality_TestCases"/>
  <testcase name="TC_005_New_Computer_Addition_New_Computer_Invalid_Introduced_Date_Format_Verification_Case1" time="17.349" classname="com.backbase.CreateNewComputerTestCases.Add_New_Computer_Functionality_TestCases"/>
</testsuite> <!-- com.backbase.CreateNewComputerTestCases.Add_New_Computer_Functionality_TestCases -->
