<?xml version="1.0" encoding="UTF-8"?>
<!-- Generated by org.testng.reporters.JUnitReportReporter -->
<testsuite hostname="PG014UCR" name="com.backbase.DeleteComputerTestCases.Delete_Computer_Functionality_TestCases" tests="1" failures="0" timestamp="10 Sep 2018 14:31:47 GMT" time="26.169" errors="0">
  <testcase name="TC_01_Delete_Existing_Compuer" time="26.169" classname="com.backbase.DeleteComputerTestCases.Delete_Computer_Functionality_TestCases"/>
</testsuite> <!-- com.backbase.DeleteComputerTestCases.Delete_Computer_Functionality_TestCases -->
